[2025-03-10 09:07:48,598] {taskinstance.py:896} INFO - Dependencies all met for <TaskInstance: xkcd_daily.fetch_xkcd_data 2025-03-10T09:07:47.912198+00:00 [queued]>
[2025-03-10 09:07:48,605] {taskinstance.py:896} INFO - Dependencies all met for <TaskInstance: xkcd_daily.fetch_xkcd_data 2025-03-10T09:07:47.912198+00:00 [queued]>
[2025-03-10 09:07:48,605] {taskinstance.py:1087} INFO - 
--------------------------------------------------------------------------------
[2025-03-10 09:07:48,605] {taskinstance.py:1088} INFO - Starting attempt 1 of 2
[2025-03-10 09:07:48,605] {taskinstance.py:1089} INFO - 
--------------------------------------------------------------------------------
[2025-03-10 09:07:48,613] {taskinstance.py:1107} INFO - Executing <Task(PythonOperator): fetch_xkcd_data> on 2025-03-10T09:07:47.912198+00:00
[2025-03-10 09:07:48,615] {standard_task_runner.py:52} INFO - Started process 216 to run task
[2025-03-10 09:07:48,617] {standard_task_runner.py:76} INFO - Running: ['***', 'tasks', 'run', 'xkcd_daily', 'fetch_xkcd_data', '2025-03-10T09:07:47.912198+00:00', '--job-id', '8', '--pool', 'default_pool', '--raw', '--subdir', 'DAGS_FOLDER/XKCD_daily/dag.py', '--cfg-path', '/tmp/tmpubm7tyyu', '--error-file', '/tmp/tmpijak3ssa']
[2025-03-10 09:07:48,619] {standard_task_runner.py:77} INFO - Job 8: Subtask fetch_xkcd_data
[2025-03-10 09:07:48,643] {logging_mixin.py:104} INFO - Running <TaskInstance: xkcd_daily.fetch_xkcd_data 2025-03-10T09:07:47.912198+00:00 [running]> on host dfff7782b6a2
[2025-03-10 09:07:48,671] {taskinstance.py:1302} INFO - Exporting the following env vars:
AIRFLOW_CTX_DAG_OWNER=***
AIRFLOW_CTX_DAG_ID=xkcd_daily
AIRFLOW_CTX_TASK_ID=fetch_xkcd_data
AIRFLOW_CTX_EXECUTION_DATE=2025-03-10T09:07:47.912198+00:00
AIRFLOW_CTX_DAG_RUN_ID=manual__2025-03-10T09:07:47.912198+00:00
[2025-03-10 09:07:48,675] {base.py:78} INFO - Using connection to: id: xkcd_api. Host: https://xkcd.com/info.0.json, Port: None, Schema: None, Login: None, Password: None, extra: {}
[2025-03-10 09:07:48,731] {logging_mixin.py:104} INFO - Fetched XKCD Data: {'month': '3', 'num': 3060, 'link': '', 'year': '2025', 'news': '', 'safe_title': 'Omniroll', 'transcript': '', 'alt': 'It seems wrong that Fruit by the Foot is only sold by weight or by number of rolls.', 'img': 'https://imgs.xkcd.com/comics/omniroll.png', 'title': 'Omniroll', 'day': '7'}
[2025-03-10 09:07:48,732] {python.py:151} INFO - Done. Returned value was: {'month': '3', 'num': 3060, 'link': '', 'year': '2025', 'news': '', 'safe_title': 'Omniroll', 'transcript': '', 'alt': 'It seems wrong that Fruit by the Foot is only sold by weight or by number of rolls.', 'img': 'https://imgs.xkcd.com/comics/omniroll.png', 'title': 'Omniroll', 'day': '7'}
[2025-03-10 09:07:48,747] {taskinstance.py:1211} INFO - Marking task as SUCCESS. dag_id=xkcd_daily, task_id=fetch_xkcd_data, execution_date=20250310T090747, start_date=20250310T090748, end_date=20250310T090748
[2025-03-10 09:07:48,762] {taskinstance.py:1265} INFO - 1 downstream tasks scheduled from follow-on schedule check
[2025-03-10 09:07:48,788] {local_task_job.py:149} INFO - Task exited with return code 0
