[2025-03-10 09:05:58,580] {taskinstance.py:896} INFO - Dependencies all met for <TaskInstance: xkcd_daily.fetch_xkcd_data 2025-03-10T09:05:57.726913+00:00 [queued]>
[2025-03-10 09:05:58,587] {taskinstance.py:896} INFO - Dependencies all met for <TaskInstance: xkcd_daily.fetch_xkcd_data 2025-03-10T09:05:57.726913+00:00 [queued]>
[2025-03-10 09:05:58,587] {taskinstance.py:1087} INFO - 
--------------------------------------------------------------------------------
[2025-03-10 09:05:58,587] {taskinstance.py:1088} INFO - Starting attempt 1 of 2
[2025-03-10 09:05:58,587] {taskinstance.py:1089} INFO - 
--------------------------------------------------------------------------------
[2025-03-10 09:05:58,595] {taskinstance.py:1107} INFO - Executing <Task(PythonOperator): fetch_xkcd_data> on 2025-03-10T09:05:57.726913+00:00
[2025-03-10 09:05:58,597] {standard_task_runner.py:52} INFO - Started process 186 to run task
[2025-03-10 09:05:58,599] {standard_task_runner.py:76} INFO - Running: ['***', 'tasks', 'run', 'xkcd_daily', 'fetch_xkcd_data', '2025-03-10T09:05:57.726913+00:00', '--job-id', '3', '--pool', 'default_pool', '--raw', '--subdir', 'DAGS_FOLDER/XKCD_daily/dag.py', '--cfg-path', '/tmp/tmps3l_vvwt', '--error-file', '/tmp/tmpdwz3cn1p']
[2025-03-10 09:05:58,600] {standard_task_runner.py:77} INFO - Job 3: Subtask fetch_xkcd_data
[2025-03-10 09:05:58,624] {logging_mixin.py:104} INFO - Running <TaskInstance: xkcd_daily.fetch_xkcd_data 2025-03-10T09:05:57.726913+00:00 [running]> on host dfff7782b6a2
[2025-03-10 09:05:58,650] {taskinstance.py:1302} INFO - Exporting the following env vars:
AIRFLOW_CTX_DAG_OWNER=***
AIRFLOW_CTX_DAG_ID=xkcd_daily
AIRFLOW_CTX_TASK_ID=fetch_xkcd_data
AIRFLOW_CTX_EXECUTION_DATE=2025-03-10T09:05:57.726913+00:00
AIRFLOW_CTX_DAG_RUN_ID=manual__2025-03-10T09:05:57.726913+00:00
[2025-03-10 09:05:58,654] {base.py:78} INFO - Using connection to: id: xkcd_api. Host: https://xkcd.com/info.0.json, Port: None, Schema: None, Login: None, Password: None, extra: {}
[2025-03-10 09:05:58,745] {logging_mixin.py:104} INFO - Fetched XKCD Data: {'month': '3', 'num': 3060, 'link': '', 'year': '2025', 'news': '', 'safe_title': 'Omniroll', 'transcript': '', 'alt': 'It seems wrong that Fruit by the Foot is only sold by weight or by number of rolls.', 'img': 'https://imgs.xkcd.com/comics/omniroll.png', 'title': 'Omniroll', 'day': '7'}
[2025-03-10 09:05:58,745] {python.py:151} INFO - Done. Returned value was: {'month': '3', 'num': 3060, 'link': '', 'year': '2025', 'news': '', 'safe_title': 'Omniroll', 'transcript': '', 'alt': 'It seems wrong that Fruit by the Foot is only sold by weight or by number of rolls.', 'img': 'https://imgs.xkcd.com/comics/omniroll.png', 'title': 'Omniroll', 'day': '7'}
[2025-03-10 09:05:58,763] {taskinstance.py:1211} INFO - Marking task as SUCCESS. dag_id=xkcd_daily, task_id=fetch_xkcd_data, execution_date=20250310T090557, start_date=20250310T090558, end_date=20250310T090558
[2025-03-10 09:05:58,781] {taskinstance.py:1265} INFO - 1 downstream tasks scheduled from follow-on schedule check
[2025-03-10 09:05:58,810] {local_task_job.py:149} INFO - Task exited with return code 0
