[2025-03-10 08:54:55,826] {taskinstance.py:896} INFO - Dependencies all met for <TaskInstance: xkcd_daily.fetch_xkcd_data 2025-03-10T08:54:55.246888+00:00 [queued]>
[2025-03-10 08:54:55,835] {taskinstance.py:896} INFO - Dependencies all met for <TaskInstance: xkcd_daily.fetch_xkcd_data 2025-03-10T08:54:55.246888+00:00 [queued]>
[2025-03-10 08:54:55,835] {taskinstance.py:1087} INFO - 
--------------------------------------------------------------------------------
[2025-03-10 08:54:55,835] {taskinstance.py:1088} INFO - Starting attempt 1 of 2
[2025-03-10 08:54:55,835] {taskinstance.py:1089} INFO - 
--------------------------------------------------------------------------------
[2025-03-10 08:54:55,841] {taskinstance.py:1107} INFO - Executing <Task(PythonOperator): fetch_xkcd_data> on 2025-03-10T08:54:55.246888+00:00
[2025-03-10 08:54:55,843] {standard_task_runner.py:52} INFO - Started process 266 to run task
[2025-03-10 08:54:55,844] {standard_task_runner.py:76} INFO - Running: ['***', 'tasks', 'run', 'xkcd_daily', 'fetch_xkcd_data', '2025-03-10T08:54:55.246888+00:00', '--job-id', '7', '--pool', 'default_pool', '--raw', '--subdir', 'DAGS_FOLDER/XKCD_daily/dag.py', '--cfg-path', '/tmp/tmprgzq4hm9', '--error-file', '/tmp/tmprum0k9m6']
[2025-03-10 08:54:55,846] {standard_task_runner.py:77} INFO - Job 7: Subtask fetch_xkcd_data
[2025-03-10 08:54:55,870] {logging_mixin.py:104} INFO - Running <TaskInstance: xkcd_daily.fetch_xkcd_data 2025-03-10T08:54:55.246888+00:00 [running]> on host 9064500c1350
[2025-03-10 08:54:55,895] {taskinstance.py:1302} INFO - Exporting the following env vars:
AIRFLOW_CTX_DAG_OWNER=***
AIRFLOW_CTX_DAG_ID=xkcd_daily
AIRFLOW_CTX_TASK_ID=fetch_xkcd_data
AIRFLOW_CTX_EXECUTION_DATE=2025-03-10T08:54:55.246888+00:00
AIRFLOW_CTX_DAG_RUN_ID=manual__2025-03-10T08:54:55.246888+00:00
[2025-03-10 08:54:55,900] {base.py:78} INFO - Using connection to: id: xkcd_api. Host: https://xkcd.com, Port: None, Schema: None, Login: None, Password: None, extra: {'endpoint': '/info.0.json'}
[2025-03-10 08:54:55,984] {python.py:151} INFO - Done. Returned value was: {}
[2025-03-10 08:54:56,002] {taskinstance.py:1211} INFO - Marking task as SUCCESS. dag_id=xkcd_daily, task_id=fetch_xkcd_data, execution_date=20250310T085455, start_date=20250310T085455, end_date=20250310T085456
[2025-03-10 08:54:56,019] {taskinstance.py:1265} INFO - 1 downstream tasks scheduled from follow-on schedule check
[2025-03-10 08:54:56,057] {local_task_job.py:149} INFO - Task exited with return code 0
