[2025-03-10 10:52:57,442] {taskinstance.py:896} INFO - Dependencies all met for <TaskInstance: xkcd_daily.fetch_xkcd_data 2025-03-10T10:52:56.126655+00:00 [queued]>
[2025-03-10 10:52:57,450] {taskinstance.py:896} INFO - Dependencies all met for <TaskInstance: xkcd_daily.fetch_xkcd_data 2025-03-10T10:52:56.126655+00:00 [queued]>
[2025-03-10 10:52:57,450] {taskinstance.py:1087} INFO - 
--------------------------------------------------------------------------------
[2025-03-10 10:52:57,450] {taskinstance.py:1088} INFO - Starting attempt 1 of 2
[2025-03-10 10:52:57,451] {taskinstance.py:1089} INFO - 
--------------------------------------------------------------------------------
[2025-03-10 10:52:57,469] {taskinstance.py:1107} INFO - Executing <Task(PythonOperator): fetch_xkcd_data> on 2025-03-10T10:52:56.126655+00:00
[2025-03-10 10:52:57,471] {standard_task_runner.py:52} INFO - Started process 188 to run task
[2025-03-10 10:52:57,473] {standard_task_runner.py:76} INFO - Running: ['***', 'tasks', 'run', 'xkcd_daily', 'fetch_xkcd_data', '2025-03-10T10:52:56.126655+00:00', '--job-id', '75', '--pool', 'default_pool', '--raw', '--subdir', 'DAGS_FOLDER/XKCD_daily/dag.py', '--cfg-path', '/tmp/tmpwt_rf98p', '--error-file', '/tmp/tmpr0fd1k70']
[2025-03-10 10:52:57,475] {standard_task_runner.py:77} INFO - Job 75: Subtask fetch_xkcd_data
[2025-03-10 10:52:57,522] {logging_mixin.py:104} INFO - Running <TaskInstance: xkcd_daily.fetch_xkcd_data 2025-03-10T10:52:56.126655+00:00 [running]> on host 4dcdde3a97c5
[2025-03-10 10:52:57,593] {taskinstance.py:1302} INFO - Exporting the following env vars:
AIRFLOW_CTX_DAG_OWNER=***
AIRFLOW_CTX_DAG_ID=xkcd_daily
AIRFLOW_CTX_TASK_ID=fetch_xkcd_data
AIRFLOW_CTX_EXECUTION_DATE=2025-03-10T10:52:56.126655+00:00
AIRFLOW_CTX_DAG_RUN_ID=manual__2025-03-10T10:52:56.126655+00:00
[2025-03-10 10:52:57,604] {base.py:78} INFO - Using connection to: id: xkcd_api. Host: https://xkcd.com/info.0.json, Port: None, Schema: None, Login: None, Password: None, extra: {}
[2025-03-10 10:52:58,063] {logging_mixin.py:104} INFO - Fetched XKCD Data: {'month': '3', 'num': 3060, 'link': '', 'year': '2025', 'news': '', 'safe_title': 'Omniroll', 'transcript': '', 'alt': 'It seems wrong that Fruit by the Foot is only sold by weight or by number of rolls.', 'img': 'https://imgs.xkcd.com/comics/omniroll.png', 'title': 'Omniroll', 'day': '7'}
[2025-03-10 10:52:58,064] {python.py:151} INFO - Done. Returned value was: {'month': '3', 'num': 3060, 'link': '', 'year': '2025', 'news': '', 'safe_title': 'Omniroll', 'transcript': '', 'alt': 'It seems wrong that Fruit by the Foot is only sold by weight or by number of rolls.', 'img': 'https://imgs.xkcd.com/comics/omniroll.png', 'title': 'Omniroll', 'day': '7'}
[2025-03-10 10:52:58,115] {taskinstance.py:1211} INFO - Marking task as SUCCESS. dag_id=xkcd_daily, task_id=fetch_xkcd_data, execution_date=20250310T105256, start_date=20250310T105257, end_date=20250310T105258
[2025-03-10 10:52:58,155] {taskinstance.py:1265} INFO - 1 downstream tasks scheduled from follow-on schedule check
[2025-03-10 10:52:58,167] {local_task_job.py:149} INFO - Task exited with return code 0
