[2025-03-10 10:41:55,141] {taskinstance.py:896} INFO - Dependencies all met for <TaskInstance: xkcd_batch_loader.store_xkcd_data 2025-03-10T10:29:03.607589+00:00 [queued]>
[2025-03-10 10:41:55,157] {taskinstance.py:896} INFO - Dependencies all met for <TaskInstance: xkcd_batch_loader.store_xkcd_data 2025-03-10T10:29:03.607589+00:00 [queued]>
[2025-03-10 10:41:55,157] {taskinstance.py:1087} INFO - 
--------------------------------------------------------------------------------
[2025-03-10 10:41:55,158] {taskinstance.py:1088} INFO - Starting attempt 3 of 4
[2025-03-10 10:41:55,158] {taskinstance.py:1089} INFO - 
--------------------------------------------------------------------------------
[2025-03-10 10:41:55,167] {taskinstance.py:1107} INFO - Executing <Task(PythonOperator): store_xkcd_data> on 2025-03-10T10:29:03.607589+00:00
[2025-03-10 10:41:55,168] {standard_task_runner.py:52} INFO - Started process 270 to run task
[2025-03-10 10:41:55,170] {standard_task_runner.py:76} INFO - Running: ['***', 'tasks', 'run', 'xkcd_batch_loader', 'store_xkcd_data', '2025-03-10T10:29:03.607589+00:00', '--job-id', '5', '--pool', 'default_pool', '--raw', '--subdir', 'DAGS_FOLDER/XKCD_batch/dag.py', '--cfg-path', '/tmp/tmp_fvy55c6', '--error-file', '/tmp/tmp08wf2_j6']
[2025-03-10 10:41:55,172] {standard_task_runner.py:77} INFO - Job 5: Subtask store_xkcd_data
[2025-03-10 10:41:55,227] {logging_mixin.py:104} INFO - Running <TaskInstance: xkcd_batch_loader.store_xkcd_data 2025-03-10T10:29:03.607589+00:00 [running]> on host 62d6867bd9fb
[2025-03-10 10:41:55,292] {taskinstance.py:1302} INFO - Exporting the following env vars:
AIRFLOW_CTX_DAG_OWNER=***
AIRFLOW_CTX_DAG_ID=xkcd_batch_loader
AIRFLOW_CTX_TASK_ID=store_xkcd_data
AIRFLOW_CTX_EXECUTION_DATE=2025-03-10T10:29:03.607589+00:00
AIRFLOW_CTX_DAG_RUN_ID=manual__2025-03-10T10:29:03.607589+00:00
[2025-03-10 10:41:55,329] {base.py:78} INFO - Using connection to: id: ***_postgresql. Host: ***, Port: 5432, Schema: ***, Login: ***, Password: ***, extra: {}
[2025-03-10 10:41:55,349] {base.py:78} INFO - Using connection to: id: ***_postgresql. Host: ***, Port: 5432, Schema: ***, Login: ***, Password: ***, extra: {}
[2025-03-10 10:41:55,351] {python.py:151} INFO - Done. Returned value was: None
[2025-03-10 10:41:55,386] {taskinstance.py:1211} INFO - Marking task as SUCCESS. dag_id=xkcd_batch_loader, task_id=store_xkcd_data, execution_date=20250310T102903, start_date=20250310T104155, end_date=20250310T104155
[2025-03-10 10:41:55,421] {taskinstance.py:1265} INFO - 0 downstream tasks scheduled from follow-on schedule check
[2025-03-10 10:41:55,463] {local_task_job.py:149} INFO - Task exited with return code 0
