[2025-03-10 10:42:21,961] {taskinstance.py:896} INFO - Dependencies all met for <TaskInstance: xkcd_daily.store_xkcd_data 2025-03-10T10:42:18.900215+00:00 [queued]>
[2025-03-10 10:42:21,981] {taskinstance.py:896} INFO - Dependencies all met for <TaskInstance: xkcd_daily.store_xkcd_data 2025-03-10T10:42:18.900215+00:00 [queued]>
[2025-03-10 10:42:21,981] {taskinstance.py:1087} INFO - 
--------------------------------------------------------------------------------
[2025-03-10 10:42:21,981] {taskinstance.py:1088} INFO - Starting attempt 1 of 2
[2025-03-10 10:42:21,982] {taskinstance.py:1089} INFO - 
--------------------------------------------------------------------------------
[2025-03-10 10:42:21,990] {taskinstance.py:1107} INFO - Executing <Task(PythonOperator): store_xkcd_data> on 2025-03-10T10:42:18.900215+00:00
[2025-03-10 10:42:21,992] {standard_task_runner.py:52} INFO - Started process 286 to run task
[2025-03-10 10:42:21,994] {standard_task_runner.py:76} INFO - Running: ['***', 'tasks', 'run', 'xkcd_daily', 'store_xkcd_data', '2025-03-10T10:42:18.900215+00:00', '--job-id', '8', '--pool', 'default_pool', '--raw', '--subdir', 'DAGS_FOLDER/XKCD_daily/dag.py', '--cfg-path', '/tmp/tmpf_l8uu19', '--error-file', '/tmp/tmpeop_jrl6']
[2025-03-10 10:42:21,995] {standard_task_runner.py:77} INFO - Job 8: Subtask store_xkcd_data
[2025-03-10 10:42:22,053] {logging_mixin.py:104} INFO - Running <TaskInstance: xkcd_daily.store_xkcd_data 2025-03-10T10:42:18.900215+00:00 [running]> on host 62d6867bd9fb
[2025-03-10 10:42:22,113] {taskinstance.py:1302} INFO - Exporting the following env vars:
AIRFLOW_CTX_DAG_OWNER=***
AIRFLOW_CTX_DAG_ID=xkcd_daily
AIRFLOW_CTX_TASK_ID=store_xkcd_data
AIRFLOW_CTX_EXECUTION_DATE=2025-03-10T10:42:18.900215+00:00
AIRFLOW_CTX_DAG_RUN_ID=manual__2025-03-10T10:42:18.900215+00:00
[2025-03-10 10:42:22,136] {base.py:78} INFO - Using connection to: id: ***_postgresql. Host: ***, Port: 5432, Schema: ***, Login: ***, Password: ***, extra: {}
[2025-03-10 10:42:22,141] {python.py:151} INFO - Done. Returned value was: None
[2025-03-10 10:42:22,156] {taskinstance.py:1211} INFO - Marking task as SUCCESS. dag_id=xkcd_daily, task_id=store_xkcd_data, execution_date=20250310T104218, start_date=20250310T104221, end_date=20250310T104222
[2025-03-10 10:42:22,188] {taskinstance.py:1265} INFO - 0 downstream tasks scheduled from follow-on schedule check
[2025-03-10 10:42:22,206] {local_task_job.py:149} INFO - Task exited with return code 0
