[2025-03-10T14:40:31.922+0000] {local_task_job_runner.py:123} INFO - ::group::Pre task execution logs
[2025-03-10T14:40:31.944+0000] {taskinstance.py:2614} INFO - Dependencies all met for dep_context=non-requeueable deps ti=<TaskInstance: xkcd_daily.dbt_run manual__2025-03-10T14:20:39.848994+00:00 [queued]>
[2025-03-10T14:40:31.949+0000] {taskinstance.py:2614} INFO - Dependencies all met for dep_context=requeueable deps ti=<TaskInstance: xkcd_daily.dbt_run manual__2025-03-10T14:20:39.848994+00:00 [queued]>
[2025-03-10T14:40:31.954+0000] {taskinstance.py:2867} INFO - Starting attempt 10 of 11
[2025-03-10T14:40:31.964+0000] {taskinstance.py:2890} INFO - Executing <Task(BashOperator): dbt_run> on 2025-03-10 14:20:39.848994+00:00
[2025-03-10T14:40:31.969+0000] {logging_mixin.py:190} WARNING - /home/***/.local/lib/python3.12/site-packages/***/task/task_runner/standard_task_runner.py:70 DeprecationWarning: This process (pid=653) is multi-threaded, use of fork() may lead to deadlocks in the child.
[2025-03-10T14:40:31.969+0000] {standard_task_runner.py:104} INFO - Running: ['***', 'tasks', 'run', 'xkcd_daily', 'dbt_run', 'manual__2025-03-10T14:20:39.848994+00:00', '--job-id', '157', '--raw', '--subdir', 'DAGS_FOLDER/XKCD_daily/dag.py', '--cfg-path', '/tmp/tmp8ilx3nu2']
[2025-03-10T14:40:31.970+0000] {standard_task_runner.py:72} INFO - Started process 654 to run task
[2025-03-10T14:40:31.970+0000] {standard_task_runner.py:105} INFO - Job 157: Subtask dbt_run
[2025-03-10T14:40:31.984+0000] {logging_mixin.py:190} WARNING - /home/***/.local/lib/python3.12/site-packages/***/settings.py:209 DeprecationWarning: The sql_alchemy_conn option in [core] has been moved to the sql_alchemy_conn option in [database] - the old setting has been used, but please update your config.
[2025-03-10T14:40:32.022+0000] {task_command.py:467} INFO - Running <TaskInstance: xkcd_daily.dbt_run manual__2025-03-10T14:20:39.848994+00:00 [running]> on host 157a64d0872f
[2025-03-10T14:40:32.099+0000] {taskinstance.py:3134} INFO - Exporting env vars: AIRFLOW_CTX_DAG_OWNER='***' AIRFLOW_CTX_DAG_ID='xkcd_daily' AIRFLOW_CTX_TASK_ID='dbt_run' AIRFLOW_CTX_EXECUTION_DATE='2025-03-10T14:20:39.848994+00:00' AIRFLOW_CTX_TRY_NUMBER='10' AIRFLOW_CTX_DAG_RUN_ID='manual__2025-03-10T14:20:39.848994+00:00'
[2025-03-10T14:40:32.099+0000] {taskinstance.py:732} INFO - ::endgroup::
[2025-03-10T14:40:32.109+0000] {subprocess.py:78} INFO - Tmp dir root location: /tmp
[2025-03-10T14:40:32.110+0000] {subprocess.py:88} INFO - Running command: ['/usr/bin/bash', '-c', 'cd /dbt/transformations && dbt run --project-dir /dbt/transformations --profiles-dir /dbt']
[2025-03-10T14:40:32.115+0000] {subprocess.py:99} INFO - Output:
[2025-03-10T14:40:33.678+0000] {subprocess.py:106} INFO - [0m14:40:33  Running with dbt=1.9.3
[2025-03-10T14:40:33.898+0000] {subprocess.py:106} INFO - [0m14:40:33  Registered adapter: postgres=1.9.0
[2025-03-10T14:40:34.335+0000] {subprocess.py:106} INFO - [0m14:40:34  [[33mWARNING[0m]: Configuration paths exist in your dbt_project.yml file which do not apply to any resources.
[2025-03-10T14:40:34.336+0000] {subprocess.py:106} INFO - There are 1 unused configuration paths:
[2025-03-10T14:40:34.336+0000] {subprocess.py:106} INFO - - models.transformations.example
[2025-03-10T14:40:34.432+0000] {subprocess.py:106} INFO - [0m14:40:34  Found 4 models, 1 source, 433 macros
[2025-03-10T14:40:34.439+0000] {subprocess.py:106} INFO - [0m14:40:34
[2025-03-10T14:40:34.439+0000] {subprocess.py:106} INFO - [0m14:40:34  Concurrency: 1 threads (target='prod')
[2025-03-10T14:40:34.439+0000] {subprocess.py:106} INFO - [0m14:40:34
[2025-03-10T14:40:34.573+0000] {subprocess.py:106} INFO - [0m14:40:34  1 of 4 START sql table model dbt_dwh.dim_comics ................................ [RUN]
[2025-03-10T14:40:34.716+0000] {subprocess.py:106} INFO - [0m14:40:34  1 of 4 OK created sql table model dbt_dwh.dim_comics ........................... [[32mSELECT 561[0m in 0.14s]
[2025-03-10T14:40:34.717+0000] {subprocess.py:106} INFO - [0m14:40:34  2 of 4 START sql table model dbt_dwh.fact_cost ................................. [RUN]
[2025-03-10T14:40:34.790+0000] {subprocess.py:106} INFO - [0m14:40:34  2 of 4 OK created sql table model dbt_dwh.fact_cost ............................ [[32mSELECT 561[0m in 0.07s]
[2025-03-10T14:40:34.792+0000] {subprocess.py:106} INFO - [0m14:40:34  3 of 4 START sql table model dbt_dwh.fact_review ............................... [RUN]
[2025-03-10T14:40:34.889+0000] {subprocess.py:106} INFO - [0m14:40:34  3 of 4 OK created sql table model dbt_dwh.fact_review .......................... [[32mSELECT 561[0m in 0.10s]
[2025-03-10T14:40:34.891+0000] {subprocess.py:106} INFO - [0m14:40:34  4 of 4 START sql table model dbt_dwh.fact_views ................................ [RUN]
[2025-03-10T14:40:34.977+0000] {subprocess.py:106} INFO - [0m14:40:34  4 of 4 OK created sql table model dbt_dwh.fact_views ........................... [[32mSELECT 561[0m in 0.09s]
[2025-03-10T14:40:34.995+0000] {subprocess.py:106} INFO - [0m14:40:34
[2025-03-10T14:40:34.995+0000] {subprocess.py:106} INFO - [0m14:40:34  Finished running 4 table models in 0 hours 0 minutes and 0.56 seconds (0.56s).
[2025-03-10T14:40:35.029+0000] {subprocess.py:106} INFO - [0m14:40:35
[2025-03-10T14:40:35.030+0000] {subprocess.py:106} INFO - [0m14:40:35  [32mCompleted successfully[0m
[2025-03-10T14:40:35.030+0000] {subprocess.py:106} INFO - [0m14:40:35
[2025-03-10T14:40:35.030+0000] {subprocess.py:106} INFO - [0m14:40:35  Done. PASS=4 WARN=0 ERROR=0 SKIP=0 TOTAL=4
[2025-03-10T14:40:35.639+0000] {subprocess.py:110} INFO - Command exited with return code 0
[2025-03-10T14:40:35.676+0000] {taskinstance.py:341} INFO - ::group::Post task execution logs
[2025-03-10T14:40:35.677+0000] {taskinstance.py:353} INFO - Marking task as SUCCESS. dag_id=xkcd_daily, task_id=dbt_run, run_id=manual__2025-03-10T14:20:39.848994+00:00, execution_date=20250310T142039, start_date=20250310T144031, end_date=20250310T144035
[2025-03-10T14:40:35.754+0000] {local_task_job_runner.py:266} INFO - Task exited with return code 0
[2025-03-10T14:40:35.778+0000] {taskinstance.py:3901} INFO - 0 downstream tasks scheduled from follow-on schedule check
[2025-03-10T14:40:35.782+0000] {local_task_job_runner.py:245} INFO - ::endgroup::
