[2025-03-10T14:41:53.756+0000] {local_task_job_runner.py:123} INFO - ::group::Pre task execution logs
[2025-03-10T14:41:53.778+0000] {taskinstance.py:2614} INFO - Dependencies all met for dep_context=non-requeueable deps ti=<TaskInstance: xkcd_daily.dbt_run manual__2025-03-10T14:20:39.848994+00:00 [queued]>
[2025-03-10T14:41:53.784+0000] {taskinstance.py:2614} INFO - Dependencies all met for dep_context=requeueable deps ti=<TaskInstance: xkcd_daily.dbt_run manual__2025-03-10T14:20:39.848994+00:00 [queued]>
[2025-03-10T14:41:53.784+0000] {taskinstance.py:2867} INFO - Starting attempt 11 of 12
[2025-03-10T14:41:53.803+0000] {taskinstance.py:2890} INFO - Executing <Task(BashOperator): dbt_run> on 2025-03-10 14:20:39.848994+00:00
[2025-03-10T14:41:53.807+0000] {logging_mixin.py:190} WARNING - /home/***/.local/lib/python3.12/site-packages/***/task/task_runner/standard_task_runner.py:70 DeprecationWarning: This process (pid=715) is multi-threaded, use of fork() may lead to deadlocks in the child.
[2025-03-10T14:41:53.807+0000] {standard_task_runner.py:104} INFO - Running: ['***', 'tasks', 'run', 'xkcd_daily', 'dbt_run', 'manual__2025-03-10T14:20:39.848994+00:00', '--job-id', '158', '--raw', '--subdir', 'DAGS_FOLDER/XKCD_daily/dag.py', '--cfg-path', '/tmp/tmp624a7j15']
[2025-03-10T14:41:53.812+0000] {standard_task_runner.py:72} INFO - Started process 716 to run task
[2025-03-10T14:41:53.814+0000] {standard_task_runner.py:105} INFO - Job 158: Subtask dbt_run
[2025-03-10T14:41:53.831+0000] {logging_mixin.py:190} WARNING - /home/***/.local/lib/python3.12/site-packages/***/settings.py:209 DeprecationWarning: The sql_alchemy_conn option in [core] has been moved to the sql_alchemy_conn option in [database] - the old setting has been used, but please update your config.
[2025-03-10T14:41:53.878+0000] {task_command.py:467} INFO - Running <TaskInstance: xkcd_daily.dbt_run manual__2025-03-10T14:20:39.848994+00:00 [running]> on host 157a64d0872f
[2025-03-10T14:41:53.960+0000] {taskinstance.py:3134} INFO - Exporting env vars: AIRFLOW_CTX_DAG_OWNER='***' AIRFLOW_CTX_DAG_ID='xkcd_daily' AIRFLOW_CTX_TASK_ID='dbt_run' AIRFLOW_CTX_EXECUTION_DATE='2025-03-10T14:20:39.848994+00:00' AIRFLOW_CTX_TRY_NUMBER='11' AIRFLOW_CTX_DAG_RUN_ID='manual__2025-03-10T14:20:39.848994+00:00'
[2025-03-10T14:41:53.961+0000] {taskinstance.py:732} INFO - ::endgroup::
[2025-03-10T14:41:53.971+0000] {subprocess.py:78} INFO - Tmp dir root location: /tmp
[2025-03-10T14:41:53.972+0000] {subprocess.py:88} INFO - Running command: ['/usr/bin/bash', '-c', 'cd /dbt/transformations && dbt run --project-dir /dbt/transformations --profiles-dir /dbt']
[2025-03-10T14:41:53.977+0000] {subprocess.py:99} INFO - Output:
[2025-03-10T14:41:55.493+0000] {subprocess.py:106} INFO - [0m14:41:55  Running with dbt=1.9.3
[2025-03-10T14:41:55.707+0000] {subprocess.py:106} INFO - [0m14:41:55  Registered adapter: postgres=1.9.0
[2025-03-10T14:41:56.186+0000] {subprocess.py:106} INFO - [0m14:41:56  [[33mWARNING[0m]: Configuration paths exist in your dbt_project.yml file which do not apply to any resources.
[2025-03-10T14:41:56.186+0000] {subprocess.py:106} INFO - There are 1 unused configuration paths:
[2025-03-10T14:41:56.186+0000] {subprocess.py:106} INFO - - models.transformations.example
[2025-03-10T14:41:56.286+0000] {subprocess.py:106} INFO - [0m14:41:56  Found 4 models, 1 source, 433 macros
[2025-03-10T14:41:56.288+0000] {subprocess.py:106} INFO - [0m14:41:56
[2025-03-10T14:41:56.288+0000] {subprocess.py:106} INFO - [0m14:41:56  Concurrency: 1 threads (target='prod')
[2025-03-10T14:41:56.289+0000] {subprocess.py:106} INFO - [0m14:41:56
[2025-03-10T14:41:56.398+0000] {subprocess.py:106} INFO - [0m14:41:56  1 of 4 START sql table model dbt_dwh.dim_comics ................................ [RUN]
[2025-03-10T14:41:56.531+0000] {subprocess.py:106} INFO - [0m14:41:56  1 of 4 OK created sql table model dbt_dwh.dim_comics ........................... [[32mSELECT 561[0m in 0.13s]
[2025-03-10T14:41:56.533+0000] {subprocess.py:106} INFO - [0m14:41:56  2 of 4 START sql table model dbt_dwh.fact_cost ................................. [RUN]
[2025-03-10T14:41:56.601+0000] {subprocess.py:106} INFO - [0m14:41:56  2 of 4 OK created sql table model dbt_dwh.fact_cost ............................ [[32mSELECT 561[0m in 0.07s]
[2025-03-10T14:41:56.603+0000] {subprocess.py:106} INFO - [0m14:41:56  3 of 4 START sql table model dbt_dwh.fact_review ............................... [RUN]
[2025-03-10T14:41:56.696+0000] {subprocess.py:106} INFO - [0m14:41:56  3 of 4 OK created sql table model dbt_dwh.fact_review .......................... [[32mSELECT 561[0m in 0.09s]
[2025-03-10T14:41:56.698+0000] {subprocess.py:106} INFO - [0m14:41:56  4 of 4 START sql table model dbt_dwh.fact_views ................................ [RUN]
[2025-03-10T14:41:56.768+0000] {subprocess.py:106} INFO - [0m14:41:56  4 of 4 OK created sql table model dbt_dwh.fact_views ........................... [[32mSELECT 561[0m in 0.07s]
[2025-03-10T14:41:56.785+0000] {subprocess.py:106} INFO - [0m14:41:56
[2025-03-10T14:41:56.786+0000] {subprocess.py:106} INFO - [0m14:41:56  Finished running 4 table models in 0 hours 0 minutes and 0.50 seconds (0.50s).
[2025-03-10T14:41:56.826+0000] {subprocess.py:106} INFO - [0m14:41:56
[2025-03-10T14:41:56.826+0000] {subprocess.py:106} INFO - [0m14:41:56  [32mCompleted successfully[0m
[2025-03-10T14:41:56.826+0000] {subprocess.py:106} INFO - [0m14:41:56
[2025-03-10T14:41:56.827+0000] {subprocess.py:106} INFO - [0m14:41:56  Done. PASS=4 WARN=0 ERROR=0 SKIP=0 TOTAL=4
[2025-03-10T14:41:57.440+0000] {subprocess.py:110} INFO - Command exited with return code 0
[2025-03-10T14:41:57.491+0000] {taskinstance.py:341} INFO - ::group::Post task execution logs
[2025-03-10T14:41:57.491+0000] {taskinstance.py:353} INFO - Marking task as SUCCESS. dag_id=xkcd_daily, task_id=dbt_run, run_id=manual__2025-03-10T14:20:39.848994+00:00, execution_date=20250310T142039, start_date=20250310T144153, end_date=20250310T144157
[2025-03-10T14:41:57.558+0000] {local_task_job_runner.py:266} INFO - Task exited with return code 0
[2025-03-10T14:41:57.588+0000] {taskinstance.py:3901} INFO - 0 downstream tasks scheduled from follow-on schedule check
[2025-03-10T14:41:57.596+0000] {local_task_job_runner.py:245} INFO - ::endgroup::
