[2025-03-10T14:38:23.050+0000] {local_task_job_runner.py:123} INFO - ::group::Pre task execution logs
[2025-03-10T14:38:23.070+0000] {taskinstance.py:2614} INFO - Dependencies all met for dep_context=non-requeueable deps ti=<TaskInstance: xkcd_daily.dbt_run manual__2025-03-10T14:20:39.848994+00:00 [queued]>
[2025-03-10T14:38:23.075+0000] {taskinstance.py:2614} INFO - Dependencies all met for dep_context=requeueable deps ti=<TaskInstance: xkcd_daily.dbt_run manual__2025-03-10T14:20:39.848994+00:00 [queued]>
[2025-03-10T14:38:23.076+0000] {taskinstance.py:2867} INFO - Starting attempt 8 of 9
[2025-03-10T14:38:23.085+0000] {taskinstance.py:2890} INFO - Executing <Task(BashOperator): dbt_run> on 2025-03-10 14:20:39.848994+00:00
[2025-03-10T14:38:23.089+0000] {logging_mixin.py:190} WARNING - /home/***/.local/lib/python3.12/site-packages/***/task/task_runner/standard_task_runner.py:70 DeprecationWarning: This process (pid=549) is multi-threaded, use of fork() may lead to deadlocks in the child.
[2025-03-10T14:38:23.089+0000] {standard_task_runner.py:72} INFO - Started process 550 to run task
[2025-03-10T14:38:23.089+0000] {standard_task_runner.py:104} INFO - Running: ['***', 'tasks', 'run', 'xkcd_daily', 'dbt_run', 'manual__2025-03-10T14:20:39.848994+00:00', '--job-id', '155', '--raw', '--subdir', 'DAGS_FOLDER/XKCD_daily/dag.py', '--cfg-path', '/tmp/tmp2gn1uxf7']
[2025-03-10T14:38:23.090+0000] {standard_task_runner.py:105} INFO - Job 155: Subtask dbt_run
[2025-03-10T14:38:23.105+0000] {logging_mixin.py:190} WARNING - /home/***/.local/lib/python3.12/site-packages/***/settings.py:209 DeprecationWarning: The sql_alchemy_conn option in [core] has been moved to the sql_alchemy_conn option in [database] - the old setting has been used, but please update your config.
[2025-03-10T14:38:23.146+0000] {task_command.py:467} INFO - Running <TaskInstance: xkcd_daily.dbt_run manual__2025-03-10T14:20:39.848994+00:00 [running]> on host 157a64d0872f
[2025-03-10T14:38:23.229+0000] {taskinstance.py:3134} INFO - Exporting env vars: AIRFLOW_CTX_DAG_OWNER='***' AIRFLOW_CTX_DAG_ID='xkcd_daily' AIRFLOW_CTX_TASK_ID='dbt_run' AIRFLOW_CTX_EXECUTION_DATE='2025-03-10T14:20:39.848994+00:00' AIRFLOW_CTX_TRY_NUMBER='8' AIRFLOW_CTX_DAG_RUN_ID='manual__2025-03-10T14:20:39.848994+00:00'
[2025-03-10T14:38:23.229+0000] {taskinstance.py:732} INFO - ::endgroup::
[2025-03-10T14:38:23.239+0000] {subprocess.py:78} INFO - Tmp dir root location: /tmp
[2025-03-10T14:38:23.239+0000] {subprocess.py:88} INFO - Running command: ['/usr/bin/bash', '-c', 'cd /dbt/transformations && dbt run --project-dir /dbt/transformations --profiles-dir /dbt']
[2025-03-10T14:38:23.245+0000] {subprocess.py:99} INFO - Output:
[2025-03-10T14:38:24.764+0000] {subprocess.py:106} INFO - [0m14:38:24  Running with dbt=1.9.3
[2025-03-10T14:38:24.974+0000] {subprocess.py:106} INFO - [0m14:38:24  Registered adapter: postgres=1.9.0
[2025-03-10T14:38:25.418+0000] {subprocess.py:106} INFO - [0m14:38:25  [[33mWARNING[0m]: Configuration paths exist in your dbt_project.yml file which do not apply to any resources.
[2025-03-10T14:38:25.419+0000] {subprocess.py:106} INFO - There are 1 unused configuration paths:
[2025-03-10T14:38:25.419+0000] {subprocess.py:106} INFO - - models.transformations.example
[2025-03-10T14:38:25.547+0000] {subprocess.py:106} INFO - [0m14:38:25  Found 3 models, 1 source, 433 macros
[2025-03-10T14:38:25.549+0000] {subprocess.py:106} INFO - [0m14:38:25
[2025-03-10T14:38:25.549+0000] {subprocess.py:106} INFO - [0m14:38:25  Concurrency: 1 threads (target='prod')
[2025-03-10T14:38:25.550+0000] {subprocess.py:106} INFO - [0m14:38:25
[2025-03-10T14:38:25.641+0000] {subprocess.py:106} INFO - [0m14:38:25  1 of 3 START sql table model dbt_dwh.dim_comics ................................ [RUN]
[2025-03-10T14:38:25.791+0000] {subprocess.py:106} INFO - [0m14:38:25  1 of 3 OK created sql table model dbt_dwh.dim_comics ........................... [[32mSELECT 561[0m in 0.15s]
[2025-03-10T14:38:25.793+0000] {subprocess.py:106} INFO - [0m14:38:25  2 of 3 START sql table model dbt_dwh.fact_cost ................................. [RUN]
[2025-03-10T14:38:25.872+0000] {subprocess.py:106} INFO - [0m14:38:25  2 of 3 OK created sql table model dbt_dwh.fact_cost ............................ [[32mSELECT 561[0m in 0.08s]
[2025-03-10T14:38:25.873+0000] {subprocess.py:106} INFO - [0m14:38:25  3 of 3 START sql table model dbt_dwh.fact_review ............................... [RUN]
[2025-03-10T14:38:25.943+0000] {subprocess.py:106} INFO - [0m14:38:25  3 of 3 OK created sql table model dbt_dwh.fact_review .......................... [[32mSELECT 561[0m in 0.07s]
[2025-03-10T14:38:25.967+0000] {subprocess.py:106} INFO - [0m14:38:25
[2025-03-10T14:38:25.968+0000] {subprocess.py:106} INFO - [0m14:38:25  Finished running 3 table models in 0 hours 0 minutes and 0.42 seconds (0.42s).
[2025-03-10T14:38:26.004+0000] {subprocess.py:106} INFO - [0m14:38:26
[2025-03-10T14:38:26.006+0000] {subprocess.py:106} INFO - [0m14:38:26  [32mCompleted successfully[0m
[2025-03-10T14:38:26.006+0000] {subprocess.py:106} INFO - [0m14:38:26
[2025-03-10T14:38:26.007+0000] {subprocess.py:106} INFO - [0m14:38:26  Done. PASS=3 WARN=0 ERROR=0 SKIP=0 TOTAL=3
[2025-03-10T14:38:26.637+0000] {subprocess.py:110} INFO - Command exited with return code 0
[2025-03-10T14:38:26.757+0000] {taskinstance.py:341} INFO - ::group::Post task execution logs
[2025-03-10T14:38:26.757+0000] {taskinstance.py:353} INFO - Marking task as SUCCESS. dag_id=xkcd_daily, task_id=dbt_run, run_id=manual__2025-03-10T14:20:39.848994+00:00, execution_date=20250310T142039, start_date=20250310T143823, end_date=20250310T143826
[2025-03-10T14:38:26.833+0000] {local_task_job_runner.py:266} INFO - Task exited with return code 0
[2025-03-10T14:38:26.944+0000] {taskinstance.py:3901} INFO - 0 downstream tasks scheduled from follow-on schedule check
[2025-03-10T14:38:26.966+0000] {local_task_job_runner.py:245} INFO - ::endgroup::
