[2025-03-10 10:42:20,001] {taskinstance.py:896} INFO - Dependencies all met for <TaskInstance: xkcd_daily.fetch_xkcd_data 2025-03-10T10:42:18.900215+00:00 [queued]>
[2025-03-10 10:42:20,023] {taskinstance.py:896} INFO - Dependencies all met for <TaskInstance: xkcd_daily.fetch_xkcd_data 2025-03-10T10:42:18.900215+00:00 [queued]>
[2025-03-10 10:42:20,023] {taskinstance.py:1087} INFO - 
--------------------------------------------------------------------------------
[2025-03-10 10:42:20,023] {taskinstance.py:1088} INFO - Starting attempt 1 of 2
[2025-03-10 10:42:20,024] {taskinstance.py:1089} INFO - 
--------------------------------------------------------------------------------
[2025-03-10 10:42:20,030] {taskinstance.py:1107} INFO - Executing <Task(PythonOperator): fetch_xkcd_data> on 2025-03-10T10:42:18.900215+00:00
[2025-03-10 10:42:20,032] {standard_task_runner.py:52} INFO - Started process 282 to run task
[2025-03-10 10:42:20,033] {standard_task_runner.py:76} INFO - Running: ['***', 'tasks', 'run', 'xkcd_daily', 'fetch_xkcd_data', '2025-03-10T10:42:18.900215+00:00', '--job-id', '6', '--pool', 'default_pool', '--raw', '--subdir', 'DAGS_FOLDER/XKCD_daily/dag.py', '--cfg-path', '/tmp/tmp_tolu0kz', '--error-file', '/tmp/tmp549jxq60']
[2025-03-10 10:42:20,036] {standard_task_runner.py:77} INFO - Job 6: Subtask fetch_xkcd_data
[2025-03-10 10:42:20,081] {logging_mixin.py:104} INFO - Running <TaskInstance: xkcd_daily.fetch_xkcd_data 2025-03-10T10:42:18.900215+00:00 [running]> on host 62d6867bd9fb
[2025-03-10 10:42:20,151] {taskinstance.py:1302} INFO - Exporting the following env vars:
AIRFLOW_CTX_DAG_OWNER=***
AIRFLOW_CTX_DAG_ID=xkcd_daily
AIRFLOW_CTX_TASK_ID=fetch_xkcd_data
AIRFLOW_CTX_EXECUTION_DATE=2025-03-10T10:42:18.900215+00:00
AIRFLOW_CTX_DAG_RUN_ID=manual__2025-03-10T10:42:18.900215+00:00
[2025-03-10 10:42:20,164] {base.py:78} INFO - Using connection to: id: xkcd_api. Host: https://xkcd.com/info.0.json, Port: None, Schema: None, Login: None, Password: None, extra: {}
[2025-03-10 10:42:20,249] {logging_mixin.py:104} INFO - Fetched XKCD Data: {'month': '3', 'num': 3060, 'link': '', 'year': '2025', 'news': '', 'safe_title': 'Omniroll', 'transcript': '', 'alt': 'It seems wrong that Fruit by the Foot is only sold by weight or by number of rolls.', 'img': 'https://imgs.xkcd.com/comics/omniroll.png', 'title': 'Omniroll', 'day': '7'}
[2025-03-10 10:42:20,250] {python.py:151} INFO - Done. Returned value was: {'month': '3', 'num': 3060, 'link': '', 'year': '2025', 'news': '', 'safe_title': 'Omniroll', 'transcript': '', 'alt': 'It seems wrong that Fruit by the Foot is only sold by weight or by number of rolls.', 'img': 'https://imgs.xkcd.com/comics/omniroll.png', 'title': 'Omniroll', 'day': '7'}
[2025-03-10 10:42:20,305] {taskinstance.py:1211} INFO - Marking task as SUCCESS. dag_id=xkcd_daily, task_id=fetch_xkcd_data, execution_date=20250310T104218, start_date=20250310T104220, end_date=20250310T104220
[2025-03-10 10:42:20,353] {taskinstance.py:1265} INFO - 1 downstream tasks scheduled from follow-on schedule check
[2025-03-10 10:42:20,366] {local_task_job.py:149} INFO - Task exited with return code 0
