[2025-03-10 09:07:50,625] {taskinstance.py:896} INFO - Dependencies all met for <TaskInstance: xkcd_daily.store_xkcd_data 2025-03-10T09:07:47.912198+00:00 [queued]>
[2025-03-10 09:07:50,632] {taskinstance.py:896} INFO - Dependencies all met for <TaskInstance: xkcd_daily.store_xkcd_data 2025-03-10T09:07:47.912198+00:00 [queued]>
[2025-03-10 09:07:50,632] {taskinstance.py:1087} INFO - 
--------------------------------------------------------------------------------
[2025-03-10 09:07:50,632] {taskinstance.py:1088} INFO - Starting attempt 1 of 2
[2025-03-10 09:07:50,632] {taskinstance.py:1089} INFO - 
--------------------------------------------------------------------------------
[2025-03-10 09:07:50,640] {taskinstance.py:1107} INFO - Executing <Task(PythonOperator): store_xkcd_data> on 2025-03-10T09:07:47.912198+00:00
[2025-03-10 09:07:50,642] {standard_task_runner.py:52} INFO - Started process 220 to run task
[2025-03-10 09:07:50,644] {standard_task_runner.py:76} INFO - Running: ['***', 'tasks', 'run', 'xkcd_daily', 'store_xkcd_data', '2025-03-10T09:07:47.912198+00:00', '--job-id', '10', '--pool', 'default_pool', '--raw', '--subdir', 'DAGS_FOLDER/XKCD_daily/dag.py', '--cfg-path', '/tmp/tmphdjmacoe', '--error-file', '/tmp/tmp96y4yucu']
[2025-03-10 09:07:50,645] {standard_task_runner.py:77} INFO - Job 10: Subtask store_xkcd_data
[2025-03-10 09:07:50,665] {logging_mixin.py:104} INFO - Running <TaskInstance: xkcd_daily.store_xkcd_data 2025-03-10T09:07:47.912198+00:00 [running]> on host dfff7782b6a2
[2025-03-10 09:07:50,688] {taskinstance.py:1302} INFO - Exporting the following env vars:
AIRFLOW_CTX_DAG_OWNER=***
AIRFLOW_CTX_DAG_ID=xkcd_daily
AIRFLOW_CTX_TASK_ID=store_xkcd_data
AIRFLOW_CTX_EXECUTION_DATE=2025-03-10T09:07:47.912198+00:00
AIRFLOW_CTX_DAG_RUN_ID=manual__2025-03-10T09:07:47.912198+00:00
[2025-03-10 09:07:50,696] {base.py:78} INFO - Using connection to: id: ***_postgresql. Host: ***, Port: 5432, Schema: ***, Login: ***, Password: ***, extra: {}
[2025-03-10 09:07:50,700] {python.py:151} INFO - Done. Returned value was: None
[2025-03-10 09:07:50,706] {taskinstance.py:1211} INFO - Marking task as SUCCESS. dag_id=xkcd_daily, task_id=store_xkcd_data, execution_date=20250310T090747, start_date=20250310T090750, end_date=20250310T090750
[2025-03-10 09:07:50,719] {taskinstance.py:1265} INFO - 0 downstream tasks scheduled from follow-on schedule check
[2025-03-10 09:07:50,735] {local_task_job.py:149} INFO - Task exited with return code 0
