[2025-03-10T14:21:07.368+0000] {local_task_job_runner.py:123} INFO - ::group::Pre task execution logs
[2025-03-10T14:21:07.391+0000] {taskinstance.py:2614} INFO - Dependencies all met for dep_context=non-requeueable deps ti=<TaskInstance: xkcd_daily.fetch_xkcd_data manual__2025-03-10T14:20:39.848994+00:00 [queued]>
[2025-03-10T14:21:07.397+0000] {taskinstance.py:2614} INFO - Dependencies all met for dep_context=requeueable deps ti=<TaskInstance: xkcd_daily.fetch_xkcd_data manual__2025-03-10T14:20:39.848994+00:00 [queued]>
[2025-03-10T14:21:07.397+0000] {taskinstance.py:2867} INFO - Starting attempt 1 of 2
[2025-03-10T14:21:07.407+0000] {taskinstance.py:2890} INFO - Executing <Task(PythonOperator): fetch_xkcd_data> on 2025-03-10 14:20:39.848994+00:00
[2025-03-10T14:21:07.412+0000] {logging_mixin.py:190} WARNING - /home/***/.local/lib/python3.12/site-packages/***/task/task_runner/standard_task_runner.py:70 DeprecationWarning: This process (pid=213) is multi-threaded, use of fork() may lead to deadlocks in the child.
[2025-03-10T14:21:07.412+0000] {standard_task_runner.py:104} INFO - Running: ['***', 'tasks', 'run', 'xkcd_daily', 'fetch_xkcd_data', 'manual__2025-03-10T14:20:39.848994+00:00', '--job-id', '114', '--raw', '--subdir', 'DAGS_FOLDER/XKCD_daily/dag.py', '--cfg-path', '/tmp/tmpxuapdn9m']
[2025-03-10T14:21:07.413+0000] {standard_task_runner.py:72} INFO - Started process 214 to run task
[2025-03-10T14:21:07.413+0000] {standard_task_runner.py:105} INFO - Job 114: Subtask fetch_xkcd_data
[2025-03-10T14:21:07.431+0000] {logging_mixin.py:190} WARNING - /home/***/.local/lib/python3.12/site-packages/***/settings.py:209 DeprecationWarning: The sql_alchemy_conn option in [core] has been moved to the sql_alchemy_conn option in [database] - the old setting has been used, but please update your config.
[2025-03-10T14:21:07.475+0000] {task_command.py:467} INFO - Running <TaskInstance: xkcd_daily.fetch_xkcd_data manual__2025-03-10T14:20:39.848994+00:00 [running]> on host 5a1ca26d2895
[2025-03-10T14:21:07.561+0000] {taskinstance.py:3134} INFO - Exporting env vars: AIRFLOW_CTX_DAG_OWNER='***' AIRFLOW_CTX_DAG_ID='xkcd_daily' AIRFLOW_CTX_TASK_ID='fetch_xkcd_data' AIRFLOW_CTX_EXECUTION_DATE='2025-03-10T14:20:39.848994+00:00' AIRFLOW_CTX_TRY_NUMBER='1' AIRFLOW_CTX_DAG_RUN_ID='manual__2025-03-10T14:20:39.848994+00:00'
[2025-03-10T14:21:07.562+0000] {taskinstance.py:732} INFO - ::endgroup::
[2025-03-10T14:21:07.586+0000] {base.py:84} INFO - Retrieving connection 'xkcd_api'
[2025-03-10T14:21:07.636+0000] {logging_mixin.py:190} INFO - Fetched XKCD Data: {'month': '3', 'num': 3060, 'link': '', 'year': '2025', 'news': '', 'safe_title': 'Omniroll', 'transcript': '', 'alt': 'It seems wrong that Fruit by the Foot is only sold by weight or by number of rolls.', 'img': 'https://imgs.xkcd.com/comics/omniroll.png', 'title': 'Omniroll', 'day': '7'}
[2025-03-10T14:21:07.636+0000] {python.py:240} INFO - Done. Returned value was: {'month': '3', 'num': 3060, 'link': '', 'year': '2025', 'news': '', 'safe_title': 'Omniroll', 'transcript': '', 'alt': 'It seems wrong that Fruit by the Foot is only sold by weight or by number of rolls.', 'img': 'https://imgs.xkcd.com/comics/omniroll.png', 'title': 'Omniroll', 'day': '7'}
[2025-03-10T14:21:07.686+0000] {taskinstance.py:341} INFO - ::group::Post task execution logs
[2025-03-10T14:21:07.687+0000] {taskinstance.py:353} INFO - Marking task as SUCCESS. dag_id=xkcd_daily, task_id=fetch_xkcd_data, run_id=manual__2025-03-10T14:20:39.848994+00:00, execution_date=20250310T142039, start_date=20250310T142107, end_date=20250310T142107
[2025-03-10T14:21:07.747+0000] {local_task_job_runner.py:266} INFO - Task exited with return code 0
[2025-03-10T14:21:07.784+0000] {taskinstance.py:3901} INFO - 1 downstream tasks scheduled from follow-on schedule check
[2025-03-10T14:21:07.788+0000] {local_task_job_runner.py:245} INFO - ::endgroup::
